<<<<<<< HEAD
[18:26:46] [18:26:46] ðŸš¨ Possible Network Attack Detected: 1360
[18:26:48] [18:26:48] ðŸš¨ Possible Network Attack Detected: 1333
[18:26:54] [18:26:54] ðŸš¨ Possible Network Attack Detected: 290
[18:26:56] [18:26:56] ðŸš¨ Possible Network Attack Detected: 285
[18:26:58] [18:26:58] ðŸš¨ Possible Network Attack Detected: 285
[18:27:12] [18:27:12] ðŸš¨ Possible Network Attack Detected: 1026
[18:27:32] [18:27:32] ðŸš¨ Possible Network Attack Detected: 252
[18:27:40] [18:27:40] ðŸš¨ Possible Network Attack Detected: 278
[18:27:42] [18:27:42] âš ï¸ High Temperature Detected: 32.76Â°C
[18:27:42] [18:27:42] ðŸš¨ Possible Network Attack Detected: 275
[18:27:46] [18:27:46] ðŸš¨ Possible Network Attack Detected: 284
[18:27:52] [18:27:52] ðŸš¨ Possible Network Attack Detected: 265
[18:27:56] [18:27:56] ðŸš¨ Possible Network Attack Detected: 289
[18:28:00] [18:28:00] ðŸš¨ Possible Network Attack Detected: 287
[18:28:10] [18:28:10] ðŸš¨ Possible Network Attack Detected: 287
[18:49:30] ðŸš¨ Possible Network Attack Detected: 267
[18:53:30] âš ï¸ High Temperature Detected: 33.79Â°C
[18:53:43] ðŸš¨ Possible Network Attack Detected: 282
[18:53:47] ðŸš¨ Possible Network Attack Detected: 260
[18:53:50] âš ï¸ High Temperature Detected: 36.31Â°C
[18:54:05] âš ï¸ High Temperature Detected: 38.47Â°C
[18:54:09] âš ï¸ High Temperature Detected: 35.62Â°C
[18:54:17] ðŸš¨ Possible Network Attack Detected: 882
[18:54:19] ðŸš¨ Possible Network Attack Detected: 262
[18:54:27] ðŸš¨ Possible Network Attack Detected: 290
[18:54:33] âš ï¸ High Temperature Detected: 38.42Â°C
[18:54:33] ðŸš¨ Possible Network Attack Detected: 299
[18:54:35] ðŸš¨ Possible Network Attack Detected: 275
=======
[18:26:46] [18:26:46] ðŸš¨ Possible Network Attack Detected: 1360
[18:26:48] [18:26:48] ðŸš¨ Possible Network Attack Detected: 1333
[18:26:54] [18:26:54] ðŸš¨ Possible Network Attack Detected: 290
[18:26:56] [18:26:56] ðŸš¨ Possible Network Attack Detected: 285
[18:26:58] [18:26:58] ðŸš¨ Possible Network Attack Detected: 285
[18:27:12] [18:27:12] ðŸš¨ Possible Network Attack Detected: 1026
[18:27:32] [18:27:32] ðŸš¨ Possible Network Attack Detected: 252
[18:27:40] [18:27:40] ðŸš¨ Possible Network Attack Detected: 278
[18:27:42] [18:27:42] âš ï¸ High Temperature Detected: 32.76Â°C
[18:27:42] [18:27:42] ðŸš¨ Possible Network Attack Detected: 275
[18:27:46] [18:27:46] ðŸš¨ Possible Network Attack Detected: 284
[18:27:52] [18:27:52] ðŸš¨ Possible Network Attack Detected: 265
[18:27:56] [18:27:56] ðŸš¨ Possible Network Attack Detected: 289
[18:28:00] [18:28:00] ðŸš¨ Possible Network Attack Detected: 287
[18:28:10] [18:28:10] ðŸš¨ Possible Network Attack Detected: 287
[18:49:30] ðŸš¨ Possible Network Attack Detected: 267
[18:53:30] âš ï¸ High Temperature Detected: 33.79Â°C
[18:53:43] ðŸš¨ Possible Network Attack Detected: 282
[18:53:47] ðŸš¨ Possible Network Attack Detected: 260
[18:53:50] âš ï¸ High Temperature Detected: 36.31Â°C
[18:54:05] âš ï¸ High Temperature Detected: 38.47Â°C
[18:54:09] âš ï¸ High Temperature Detected: 35.62Â°C
[18:54:17] ðŸš¨ Possible Network Attack Detected: 882
[18:54:19] ðŸš¨ Possible Network Attack Detected: 262
[18:54:27] ðŸš¨ Possible Network Attack Detected: 290
[18:54:33] âš ï¸ High Temperature Detected: 38.42Â°C
[18:54:33] ðŸš¨ Possible Network Attack Detected: 299
[18:54:35] ðŸš¨ Possible Network Attack Detected: 275
>>>>>>> 73a22d491c063849a58ac9d3bd9d22a961f91bcb
